Using pre-set license
Built from '2021.3/staging' branch; Version is '2021.3.35f1 (157b46ce122a) revision 1407814'; Using compiler version '192829333'; Build Type 'Release'
OS: 'Windows 11  (10.0.22631) 64bit CoreSingleLanguage' Language: 'en' Physical Memory: 16169 MB
BatchMode: 1, IsHumanControllingUs: 0, StartBugReporterOnCrash: 0, Is64bit: 1, IsPro: 1

COMMAND LINE ARGUMENTS:
C:\Program Files\Unity\Hub\Editor\2021.3.35f1\Editor\Unity.exe
-adb2
-batchMode
-noUpm
-name
AssetImportWorker1
-projectPath
C:/Users/deniz/Desktop/OZU/CS426/CS426 Game Programming/Project/WaterfallSimulation
-logFile
Logs/AssetImportWorker1.log
-srvPort
50564
Successfully changed project path to: C:/Users/deniz/Desktop/OZU/CS426/CS426 Game Programming/Project/WaterfallSimulation
C:/Users/deniz/Desktop/OZU/CS426/CS426 Game Programming/Project/WaterfallSimulation
[UnityMemory] Configuration Parameters - Can be set up in boot.config
    "memorysetup-bucket-allocator-granularity=16"
    "memorysetup-bucket-allocator-bucket-count=8"
    "memorysetup-bucket-allocator-block-size=33554432"
    "memorysetup-bucket-allocator-block-count=8"
    "memorysetup-main-allocator-block-size=16777216"
    "memorysetup-thread-allocator-block-size=16777216"
    "memorysetup-gfx-main-allocator-block-size=16777216"
    "memorysetup-gfx-thread-allocator-block-size=16777216"
    "memorysetup-cache-allocator-block-size=4194304"
    "memorysetup-typetree-allocator-block-size=2097152"
    "memorysetup-profiler-bucket-allocator-granularity=16"
    "memorysetup-profiler-bucket-allocator-bucket-count=8"
    "memorysetup-profiler-bucket-allocator-block-size=33554432"
    "memorysetup-profiler-bucket-allocator-block-count=8"
    "memorysetup-profiler-allocator-block-size=16777216"
    "memorysetup-profiler-editor-allocator-block-size=1048576"
    "memorysetup-temp-allocator-size-main=16777216"
    "memorysetup-job-temp-allocator-block-size=2097152"
    "memorysetup-job-temp-allocator-block-size-background=1048576"
    "memorysetup-job-temp-allocator-reduction-small-platforms=262144"
    "memorysetup-temp-allocator-size-background-worker=32768"
    "memorysetup-temp-allocator-size-job-worker=262144"
    "memorysetup-temp-allocator-size-preload-manager=33554432"
    "memorysetup-temp-allocator-size-nav-mesh-worker=65536"
    "memorysetup-temp-allocator-size-audio-worker=65536"
    "memorysetup-temp-allocator-size-cloud-worker=32768"
    "memorysetup-temp-allocator-size-gi-baking-worker=262144"
    "memorysetup-temp-allocator-size-gfx=262144"
Player connection [3300] Host "[IP] 192.168.56.1 [Port] 0 [Flags] 2 [Guid] 829368989 [EditorId] 829368989 [Version] 1048832 [Id] WindowsEditor(7,DENIZ-COMPUTER) [Debug] 1 [PackageName] WindowsEditor [ProjectName] Editor" joined multi-casting on [225.0.0.222:54997]...

Player connection [3300] Host "[IP] 192.168.56.1 [Port] 0 [Flags] 2 [Guid] 829368989 [EditorId] 829368989 [Version] 1048832 [Id] WindowsEditor(7,DENIZ-COMPUTER) [Debug] 1 [PackageName] WindowsEditor [ProjectName] Editor" joined alternative multi-casting on [225.0.0.222:34997]...

[Physics::Module] Initialized MultithreadedJobDispatcher with {0} workers.
Refreshing native plugins compatible for Editor in 99.48 ms, found 3 plugins.
Preloading 0 native plugins for Editor in 0.00 ms.
Initialize engine version: 2021.3.35f1 (157b46ce122a)
[Subsystems] Discovering subsystems at path C:/Program Files/Unity/Hub/Editor/2021.3.35f1/Editor/Data/Resources/UnitySubsystems
[Subsystems] Discovering subsystems at path C:/Users/deniz/Desktop/OZU/CS426/CS426 Game Programming/Project/WaterfallSimulation/Assets
GfxDevice: creating device client; threaded=0; jobified=0
Direct3D:
    Version:  Direct3D 11.0 [level 11.1]
    Renderer: NVIDIA GeForce MX350 (ID=0x1c94)
    Vendor:   NVIDIA
    VRAM:     1964 MB
    Driver:   32.0.15.6070
Initialize mono
Mono path[0] = 'C:/Program Files/Unity/Hub/Editor/2021.3.35f1/Editor/Data/Managed'
Mono path[1] = 'C:/Program Files/Unity/Hub/Editor/2021.3.35f1/Editor/Data/MonoBleedingEdge/lib/mono/unityjit-win32'
Mono config path = 'C:/Program Files/Unity/Hub/Editor/2021.3.35f1/Editor/Data/MonoBleedingEdge/etc'
Using monoOptions --debugger-agent=transport=dt_socket,embedding=1,server=y,suspend=n,address=127.0.0.1:56324
Begin MonoManager ReloadAssembly
Registering precompiled unity dll's ...
Register platform support module: C:/Program Files/Unity/Hub/Editor/2021.3.35f1/Editor/Data/PlaybackEngines/WindowsStandaloneSupport/UnityEditor.WindowsStandalone.Extensions.dll
Registered in 0.006725 seconds.
Native extension for WindowsStandalone target not found
Refreshing native plugins compatible for Editor in 86.95 ms, found 3 plugins.
Preloading 0 native plugins for Editor in 0.00 ms.
Mono: successfully reloaded assembly
- Completed reload, in  0.816 seconds
Domain Reload Profiling:
	ReloadAssembly (817ms)
		BeginReloadAssembly (112ms)
			ExecutionOrderSort (0ms)
			DisableScriptedObjects (0ms)
			BackupInstance (0ms)
			ReleaseScriptingObjects (0ms)
			CreateAndSetChildDomain (1ms)
		EndReloadAssembly (564ms)
			LoadAssemblies (109ms)
			RebuildTransferFunctionScriptingTraits (0ms)
			SetupTypeCache (134ms)
			ReleaseScriptCaches (0ms)
			RebuildScriptCaches (41ms)
			SetupLoadedEditorAssemblies (328ms)
				LogAssemblyErrors (0ms)
				InitializePlatformSupportModulesInManaged (10ms)
				SetLoadedEditorAssemblies (0ms)
				RefreshPlugins (87ms)
				BeforeProcessingInitializeOnLoad (2ms)
				ProcessInitializeOnLoadAttributes (164ms)
				ProcessInitializeOnLoadMethodAttributes (65ms)
				AfterProcessingInitializeOnLoad (0ms)
				EditorAssembliesLoaded (0ms)
			ExecutionOrderSort2 (0ms)
			AwakeInstancesAfterBackupRestoration (0ms)
Platform modules already initialized, skipping
Registering precompiled user dll's ...
Registered in 0.005925 seconds.
Begin MonoManager ReloadAssembly
Native extension for WindowsStandalone target not found
Refreshing native plugins compatible for Editor in 0.47 ms, found 3 plugins.
Preloading 0 native plugins for Editor in 0.00 ms.
Package Manager log level set to [2]
[Package Manager] Server::EnsureServerProcessIsRunning -- launch failed, reason: Unity was launched with the -noUpm command-line argument
[Package Manager] Cannot connect to Unity Package Manager local server
Mono: successfully reloaded assembly
- Completed reload, in  1.640 seconds
Domain Reload Profiling:
	ReloadAssembly (1641ms)
		BeginReloadAssembly (157ms)
			ExecutionOrderSort (0ms)
			DisableScriptedObjects (6ms)
			BackupInstance (0ms)
			ReleaseScriptingObjects (0ms)
			CreateAndSetChildDomain (26ms)
		EndReloadAssembly (1343ms)
			LoadAssemblies (121ms)
			RebuildTransferFunctionScriptingTraits (0ms)
			SetupTypeCache (331ms)
			ReleaseScriptCaches (1ms)
			RebuildScriptCaches (57ms)
			SetupLoadedEditorAssemblies (823ms)
				LogAssemblyErrors (0ms)
				InitializePlatformSupportModulesInManaged (6ms)
				SetLoadedEditorAssemblies (1ms)
				RefreshPlugins (1ms)
				BeforeProcessingInitializeOnLoad (102ms)
				ProcessInitializeOnLoadAttributes (670ms)
				ProcessInitializeOnLoadMethodAttributes (33ms)
				AfterProcessingInitializeOnLoad (11ms)
				EditorAssembliesLoaded (0ms)
			ExecutionOrderSort2 (0ms)
			AwakeInstancesAfterBackupRestoration (6ms)
Platform modules already initialized, skipping
========================================================================
Worker process is ready to serve import requests
Launched and connected shader compiler UnityShaderCompiler.exe after 0.08 seconds
Refreshing native plugins compatible for Editor in 0.71 ms, found 3 plugins.
Preloading 0 native plugins for Editor in 0.00 ms.
Unloading 3069 Unused Serialized files (Serialized files now loaded: 0)
Unloading 23 unused Assets / (47.2 KB). Loaded Objects now: 3550.
Memory consumption went from 122.3 MB to 122.3 MB.
Total: 4.779700 ms (FindLiveObjects: 0.419900 ms CreateObjectMapping: 0.282800 ms MarkObjects: 3.792000 ms  DeleteObjects: 0.282100 ms)

AssetImportParameters requested are different than current active one (requested -> active):
  custom:video-decoder-ogg-theora: a1e56fd34408186e4bbccfd4996cb3dc -> 
  custom:container-muxer-webm: aa71ff27fc2769a1b78a27578f13a17b -> 
  custom:container-demuxer-webm: 4f35f7cbe854078d1ac9338744f61a02 -> 
  custom:video-encoder-webm-vp8: eb34c28f22e8b96e1ab97ce403110664 -> 
  custom:video-codec-MediaFoundation-h265: 746d11721c4dcdbdad8f713fa42b33f4 -> 
  custom:CustomObjectIndexerAttribute: bc11b3a6c3213fcdd17b65e7da85e133 -> 
  custom:audio-encoder-webm-vorbis: bf7c407c2cedff20999df2af8eb42d56 -> 
  custom:framework-win-MediaFoundation: 216162199b28c13a410421893ffa2e32 -> 
  custom:SearchIndexIgnoredProperties: e643bd26f0fe6173181afceb89e7c659 -> 
  custom:container-demuxer-ogg: 62fdf1f143b41e24485cea50d1cbac27 -> 
  custom:video-decoder-webm-vp8: 9c59270c3fd7afecdb556c50c9e8de78 -> 
  custom:audio-decoder-ogg-vorbis: bf7c407c2cedff20999df2af8eb42d56 -> 
========================================================================
Received Import Request.
  Time since last request: 426380.670702 seconds.
  path: Assets/Materials/Rocks011_8K-PNG/NewLayer.terrainlayer
  artifactKey: Guid(8c521da16cd13fd45ba53a68c3cfa3da) Importer(815301076,1909f56bfc062723c751e8b465ee728b)
Number of updated assets reloaded before import = 0
Start importing Assets/Materials/Rocks011_8K-PNG/NewLayer.terrainlayer using Guid(8c521da16cd13fd45ba53a68c3cfa3da) Importer(815301076,1909f56bfc062723c751e8b465ee728b)  -> (artifact id: '9d083f456fdd8f8e88f50845e103941b') in 0.202831 seconds 
Number of asset objects unloaded after import = 2
========================================================================
Received Import Request.
  Time since last request: 462.667581 seconds.
  path: Assets/Yughues Free Palm Trees/Materials/PalmTrees trunk Mat.mat
  artifactKey: Guid(f595b971babb1a74ab1c8a38deb8a52d) Importer(815301076,1909f56bfc062723c751e8b465ee728b)
Number of updated assets reloaded before import = 0
Start importing Assets/Yughues Free Palm Trees/Materials/PalmTrees trunk Mat.mat using Guid(f595b971babb1a74ab1c8a38deb8a52d) Importer(815301076,1909f56bfc062723c751e8b465ee728b)  -> (artifact id: '22113b1cb46f9f19ed05debcd4d1f77b') in 0.252078 seconds 
Number of asset objects unloaded after import = 3
========================================================================
Received Import Request.
  Time since last request: 14.309718 seconds.
  path: Assets/Yughues Free Palm Trees/Prefabs/PalmTreeDualBendedTwoSided.prefab
  artifactKey: Guid(785bfd81c9fb838469851c06eb415f7a) Importer(815301076,1909f56bfc062723c751e8b465ee728b)
Number of updated assets reloaded before import = 0
Start importing Assets/Yughues Free Palm Trees/Prefabs/PalmTreeDualBendedTwoSided.prefab using Guid(785bfd81c9fb838469851c06eb415f7a) Importer(815301076,1909f56bfc062723c751e8b465ee728b)  -> (artifact id: '6661554f61095381c762fbc65989c8db') in 0.214171 seconds 
Number of asset objects unloaded after import = 19
========================================================================
Received Import Request.
  Time since last request: 0.000026 seconds.
  path: Assets/Yughues Free Palm Trees/Prefabs/PalmTreeTrioTwoSided.prefab
  artifactKey: Guid(ecc2762d91d3584429565bde5fbede9e) Importer(815301076,1909f56bfc062723c751e8b465ee728b)
Number of updated assets reloaded before import = 0
Start importing Assets/Yughues Free Palm Trees/Prefabs/PalmTreeTrioTwoSided.prefab using Guid(ecc2762d91d3584429565bde5fbede9e) Importer(815301076,1909f56bfc062723c751e8b465ee728b)  -> (artifact id: '26c75df48f085d2e18f62b85d96ae77c') in 0.045239 seconds 
Number of asset objects unloaded after import = 19
========================================================================
Received Import Request.
  Time since last request: 0.000044 seconds.
  path: Assets/Yughues Free Palm Trees/Prefabs/PalmTreeSingleBendedOneSided.prefab
  artifactKey: Guid(b22d7dcea44833b4ab41d64beb6e42c8) Importer(815301076,1909f56bfc062723c751e8b465ee728b)
Number of updated assets reloaded before import = 0
Start importing Assets/Yughues Free Palm Trees/Prefabs/PalmTreeSingleBendedOneSided.prefab using Guid(b22d7dcea44833b4ab41d64beb6e42c8) Importer(815301076,1909f56bfc062723c751e8b465ee728b)  -> (artifact id: 'a304878312b0865f73ab44ee55dd4931') in 0.042078 seconds 
Number of asset objects unloaded after import = 19
========================================================================
Received Import Request.
  Time since last request: 0.000034 seconds.
  path: Assets/Yughues Free Palm Trees/Prefabs/PalmTreeDualStraightTwoSided.prefab
  artifactKey: Guid(5e617e90ac28ce7488be6a63235b1f32) Importer(815301076,1909f56bfc062723c751e8b465ee728b)
Number of updated assets reloaded before import = 0
Start importing Assets/Yughues Free Palm Trees/Prefabs/PalmTreeDualStraightTwoSided.prefab using Guid(5e617e90ac28ce7488be6a63235b1f32) Importer(815301076,1909f56bfc062723c751e8b465ee728b)  -> (artifact id: '2e536872447069c02ff348ed99238294') in 0.034230 seconds 
Number of asset objects unloaded after import = 19
========================================================================
Received Import Request.
  Time since last request: 189.934925 seconds.
  path: Assets/Coconut Palm Tree Pack/Prefabs/Coconut_Palm_Tree01.prefab
  artifactKey: Guid(13f6097cdfae79d44acca4175298212a) Importer(815301076,1909f56bfc062723c751e8b465ee728b)
Number of updated assets reloaded before import = 0
Start importing Assets/Coconut Palm Tree Pack/Prefabs/Coconut_Palm_Tree01.prefab using Guid(13f6097cdfae79d44acca4175298212a) Importer(815301076,1909f56bfc062723c751e8b465ee728b)  -> (artifact id: '96b528c1466b4ec049b82be3335304bb') in 0.490880 seconds 
Number of asset objects unloaded after import = 18
========================================================================
Received Import Request.
  Time since last request: 0.000027 seconds.
  path: Assets/Coconut Palm Tree Pack/Prefabs/TreeCreatorEditable/Coconut_Palm_Tree02.prefab
  artifactKey: Guid(84f582d01d32d3b42907ae29f9cc588e) Importer(815301076,1909f56bfc062723c751e8b465ee728b)
Number of updated assets reloaded before import = 0
Start importing Assets/Coconut Palm Tree Pack/Prefabs/TreeCreatorEditable/Coconut_Palm_Tree02.prefab using Guid(84f582d01d32d3b42907ae29f9cc588e) Importer(815301076,1909f56bfc062723c751e8b465ee728b)  -> (artifact id: '480daf68a831c8fd44304e08eb3d6a61') in 0.483956 seconds 
Number of asset objects unloaded after import = 33
========================================================================
Received Import Request.
  Time since last request: 0.000030 seconds.
  path: Assets/Coconut Palm Tree Pack/Prefabs/AFS/Coconut_Palm_Tree01_AFS.prefab
  artifactKey: Guid(f9ec4219b4d0d414fb84988d28dbf504) Importer(815301076,1909f56bfc062723c751e8b465ee728b)
Number of updated assets reloaded before import = 0
Start importing Assets/Coconut Palm Tree Pack/Prefabs/AFS/Coconut_Palm_Tree01_AFS.prefab using Guid(f9ec4219b4d0d414fb84988d28dbf504) Importer(815301076,1909f56bfc062723c751e8b465ee728b)  -> (artifact id: '88382695045b723e3c6d49769095679e') in 0.341018 seconds 
Number of asset objects unloaded after import = 11
========================================================================
Received Import Request.
  Time since last request: 1.564587 seconds.
  path: Assets/Coconut Palm Tree Pack/Prefabs/AFS/Coconut_Palm_Tree03_AFS.prefab
  artifactKey: Guid(360ab34753a7cfd47980f83d207ace27) Importer(815301076,1909f56bfc062723c751e8b465ee728b)
Number of updated assets reloaded before import = 0
Start importing Assets/Coconut Palm Tree Pack/Prefabs/AFS/Coconut_Palm_Tree03_AFS.prefab using Guid(360ab34753a7cfd47980f83d207ace27) Importer(815301076,1909f56bfc062723c751e8b465ee728b)  -> (artifact id: '93de7013b5e08905b96eec1c8069189b') in 0.033066 seconds 
Number of asset objects unloaded after import = 11
========================================================================
Received Import Request.
  Time since last request: 255.363710 seconds.
  path: Assets/Tree9/bark14.png
  artifactKey: Guid(78e60ad3a8152ec46be748bb6d5a7cdf) Importer(815301076,1909f56bfc062723c751e8b465ee728b)
Number of updated assets reloaded before import = 0
Start importing Assets/Tree9/bark14.png using Guid(78e60ad3a8152ec46be748bb6d5a7cdf) Importer(815301076,1909f56bfc062723c751e8b465ee728b)  -> (artifact id: '1f346d887570b0a07a75bb3e941ee14b') in 0.093875 seconds 
Number of asset objects unloaded after import = 2
========================================================================
Received Import Request.
  Time since last request: 0.000027 seconds.
  path: Assets/Tree9/bark14_N.png
  artifactKey: Guid(81f1d63919f88a547a8d97fe857cc586) Importer(815301076,1909f56bfc062723c751e8b465ee728b)
Number of updated assets reloaded before import = 0
Start importing Assets/Tree9/bark14_N.png using Guid(81f1d63919f88a547a8d97fe857cc586) Importer(815301076,1909f56bfc062723c751e8b465ee728b)  -> (artifact id: 'd538e24c05bbf5d3a416c66c263744ca') in 0.032251 seconds 
Number of asset objects unloaded after import = 2
========================================================================
Received Import Request.
  Time since last request: 0.000075 seconds.
  path: Assets/Tree9/Tree9_Leaf.fbx
  artifactKey: Guid(1de95aafaed1b594b88a317c6a6ac028) Importer(815301076,1909f56bfc062723c751e8b465ee728b)
Number of updated assets reloaded before import = 0
Start importing Assets/Tree9/Tree9_Leaf.fbx using Guid(1de95aafaed1b594b88a317c6a6ac028) Importer(815301076,1909f56bfc062723c751e8b465ee728b)  -> (artifact id: '27ce1af8030d9d725dbc1be0c5c72441') in 0.270897 seconds 
Number of asset objects unloaded after import = 10
========================================================================
Received Import Request.
  Time since last request: 0.000026 seconds.
  path: Assets/Tree9/Tree9_3.prefab
  artifactKey: Guid(8b2d47fdc2e25ac4f9721480a68bbefa) Importer(815301076,1909f56bfc062723c751e8b465ee728b)
Number of updated assets reloaded before import = 0
Start importing Assets/Tree9/Tree9_3.prefab using Guid(8b2d47fdc2e25ac4f9721480a68bbefa) Importer(815301076,1909f56bfc062723c751e8b465ee728b)  -> (artifact id: '407e462ea2012e6db8a6a0667b21e674') in 0.060853 seconds 
Number of asset objects unloaded after import = 28
========================================================================
Received Import Request.
  Time since last request: 0.000047 seconds.
  path: Assets/Tree9/Tree9_5.prefab
  artifactKey: Guid(9b8fc966f95ea9c4194dc091fc40b478) Importer(815301076,1909f56bfc062723c751e8b465ee728b)
Number of updated assets reloaded before import = 0
Start importing Assets/Tree9/Tree9_5.prefab using Guid(9b8fc966f95ea9c4194dc091fc40b478) Importer(815301076,1909f56bfc062723c751e8b465ee728b)  -> (artifact id: '8f5f1822c1be28efb9fac9efe9250984') in 0.058871 seconds 
Number of asset objects unloaded after import = 28
========================================================================
Received Import Request.
  Time since last request: 0.000042 seconds.
  path: Assets/Tree9/Tree9_4.prefab
  artifactKey: Guid(956bd2acf7aae244dac8fc20cf57858d) Importer(815301076,1909f56bfc062723c751e8b465ee728b)
Number of updated assets reloaded before import = 0
Start importing Assets/Tree9/Tree9_4.prefab using Guid(956bd2acf7aae244dac8fc20cf57858d) Importer(815301076,1909f56bfc062723c751e8b465ee728b)  -> (artifact id: '05d5cba9bc30d96dea3e4250adb6d8b8') in 0.061619 seconds 
Number of asset objects unloaded after import = 28
========================================================================
Received Import Request.
  Time since last request: 0.000030 seconds.
  path: Assets/Tree9/Leafs19.tga
  artifactKey: Guid(58552de7d543f6e4095feb3806e56f4f) Importer(815301076,1909f56bfc062723c751e8b465ee728b)
Number of updated assets reloaded before import = 0
Start importing Assets/Tree9/Leafs19.tga using Guid(58552de7d543f6e4095feb3806e56f4f) Importer(815301076,1909f56bfc062723c751e8b465ee728b)  -> (artifact id: '85b4d7ae70a753c71d3432381859fadf') in 0.038803 seconds 
Number of asset objects unloaded after import = 2
========================================================================
Received Import Request.
  Time since last request: 34.039738 seconds.
  path: Assets/Coconut Palm Tree Pack/Prefabs/Coconut_Palm_Tree05.prefab
  artifactKey: Guid(ccafd6649062902409b7847275334b66) Importer(815301076,1909f56bfc062723c751e8b465ee728b)
Number of updated assets reloaded before import = 0
Start importing Assets/Coconut Palm Tree Pack/Prefabs/Coconut_Palm_Tree05.prefab using Guid(ccafd6649062902409b7847275334b66) Importer(815301076,1909f56bfc062723c751e8b465ee728b)  -> (artifact id: 'a2ac09ea943bdca4eee625a58344263f') in 0.041248 seconds 
Number of asset objects unloaded after import = 18
========================================================================
Received Import Request.
  Time since last request: 0.000020 seconds.
  path: Assets/Coconut Palm Tree Pack/Prefabs/Coconut_Palm_Tree07.prefab
  artifactKey: Guid(0d1a48b95430c604b93adbd07a23d89d) Importer(815301076,1909f56bfc062723c751e8b465ee728b)
Number of updated assets reloaded before import = 0
Start importing Assets/Coconut Palm Tree Pack/Prefabs/Coconut_Palm_Tree07.prefab using Guid(0d1a48b95430c604b93adbd07a23d89d) Importer(815301076,1909f56bfc062723c751e8b465ee728b)  -> (artifact id: 'beb722961591d4413ebc12edb2f008f5') in 0.036393 seconds 
Number of asset objects unloaded after import = 18
========================================================================
Received Import Request.
  Time since last request: 0.000026 seconds.
  path: Assets/Coconut Palm Tree Pack/Prefabs/Coconut_Palm_Tree09.prefab
  artifactKey: Guid(dffcbbf99069f3949a4ee08ce7052432) Importer(815301076,1909f56bfc062723c751e8b465ee728b)
Number of updated assets reloaded before import = 0
Start importing Assets/Coconut Palm Tree Pack/Prefabs/Coconut_Palm_Tree09.prefab using Guid(dffcbbf99069f3949a4ee08ce7052432) Importer(815301076,1909f56bfc062723c751e8b465ee728b)  -> (artifact id: 'eec8efe3146f1228d85346c9ed04c667') in 0.038006 seconds 
Number of asset objects unloaded after import = 18
========================================================================
Received Import Request.
  Time since last request: 0.000065 seconds.
  path: Assets/Coconut Palm Tree Pack/Prefabs/Coconut_Palm_Tree12.prefab
  artifactKey: Guid(cf3fc3bb61400ef4c85d231500be1ebb) Importer(815301076,1909f56bfc062723c751e8b465ee728b)
Number of updated assets reloaded before import = 0
Start importing Assets/Coconut Palm Tree Pack/Prefabs/Coconut_Palm_Tree12.prefab using Guid(cf3fc3bb61400ef4c85d231500be1ebb) Importer(815301076,1909f56bfc062723c751e8b465ee728b)  -> (artifact id: '5328384a7709844929a826769280ec4b') in 0.041447 seconds 
Number of asset objects unloaded after import = 18
========================================================================
Received Import Request.
  Time since last request: 0.000043 seconds.
  path: Assets/Coconut Palm Tree Pack/Prefabs/Coconut_Palm_Tree06.prefab
  artifactKey: Guid(b7015e10553e74c42be74bf4c42965a1) Importer(815301076,1909f56bfc062723c751e8b465ee728b)
Number of updated assets reloaded before import = 0
Start importing Assets/Coconut Palm Tree Pack/Prefabs/Coconut_Palm_Tree06.prefab using Guid(b7015e10553e74c42be74bf4c42965a1) Importer(815301076,1909f56bfc062723c751e8b465ee728b)  -> (artifact id: 'f282a18623851f7e3ec793e0a36b9949') in 0.032393 seconds 
Number of asset objects unloaded after import = 18
========================================================================
Received Prepare
Registering precompiled user dll's ...
Registered in 0.009021 seconds.
Begin MonoManager ReloadAssembly
Native extension for WindowsStandalone target not found
Refreshing native plugins compatible for Editor in 0.96 ms, found 3 plugins.
Preloading 0 native plugins for Editor in 0.00 ms.
[Package Manager] Server::EnsureServerProcessIsRunning -- launch failed, reason: Unity was launched with the -noUpm command-line argument
[Package Manager] Cannot connect to Unity Package Manager local server
Mono: successfully reloaded assembly
- Completed reload, in  2.236 seconds
Domain Reload Profiling:
	ReloadAssembly (2237ms)
		BeginReloadAssembly (243ms)
			ExecutionOrderSort (0ms)
			DisableScriptedObjects (5ms)
			BackupInstance (0ms)
			ReleaseScriptingObjects (0ms)
			CreateAndSetChildDomain (53ms)
		EndReloadAssembly (1830ms)
			LoadAssemblies (173ms)
			RebuildTransferFunctionScriptingTraits (0ms)
			SetupTypeCache (621ms)
			ReleaseScriptCaches (1ms)
			RebuildScriptCaches (69ms)
			SetupLoadedEditorAssemblies (924ms)
				LogAssemblyErrors (0ms)
				InitializePlatformSupportModulesInManaged (9ms)
				SetLoadedEditorAssemblies (1ms)
				RefreshPlugins (1ms)
				BeforeProcessingInitializeOnLoad (109ms)
				ProcessInitializeOnLoadAttributes (745ms)
				ProcessInitializeOnLoadMethodAttributes (44ms)
				AfterProcessingInitializeOnLoad (14ms)
				EditorAssembliesLoaded (1ms)
			ExecutionOrderSort2 (0ms)
			AwakeInstancesAfterBackupRestoration (13ms)
Platform modules already initialized, skipping
Refreshing native plugins compatible for Editor in 1.05 ms, found 3 plugins.
Preloading 0 native plugins for Editor in 0.00 ms.
Unloading 3064 Unused Serialized files (Serialized files now loaded: 0)
Unloading 18 unused Assets / (21.9 KB). Loaded Objects now: 3617.
Memory consumption went from 130.6 MB to 130.6 MB.
Total: 4.240600 ms (FindLiveObjects: 0.504600 ms CreateObjectMapping: 0.216800 ms MarkObjects: 3.474900 ms  DeleteObjects: 0.042300 ms)

AssetImportParameters requested are different than current active one (requested -> active):
  custom:video-decoder-ogg-theora: a1e56fd34408186e4bbccfd4996cb3dc -> 
  custom:container-muxer-webm: aa71ff27fc2769a1b78a27578f13a17b -> 
  custom:container-demuxer-webm: 4f35f7cbe854078d1ac9338744f61a02 -> 
  custom:video-encoder-webm-vp8: eb34c28f22e8b96e1ab97ce403110664 -> 
  custom:video-codec-MediaFoundation-h265: 746d11721c4dcdbdad8f713fa42b33f4 -> 
  custom:CustomObjectIndexerAttribute: bc11b3a6c3213fcdd17b65e7da85e133 -> 
  custom:audio-encoder-webm-vorbis: bf7c407c2cedff20999df2af8eb42d56 -> 
  custom:framework-win-MediaFoundation: 216162199b28c13a410421893ffa2e32 -> 
  custom:SearchIndexIgnoredProperties: e643bd26f0fe6173181afceb89e7c659 -> 
  custom:container-demuxer-ogg: 62fdf1f143b41e24485cea50d1cbac27 -> 
  custom:video-decoder-webm-vp8: 9c59270c3fd7afecdb556c50c9e8de78 -> 
  custom:audio-decoder-ogg-vorbis: bf7c407c2cedff20999df2af8eb42d56 -> 
